Opened convpng.ini

--- Group gfx_main1 (ASM) ---
Using built-in xlibc palette ...
warning: ignoring transparent color value for a fixed palette.Transparent Color Index : 0
Transparent Color : 0xFFFF
6:
 AoCEI : converted! (18022 > 6889 bytes)
 soldier : converted! (23312 > 7010 bytes)
 playhelpquit : converted! (9128 > 2730 bytes)
 singlemultiplayer : converted! (17264 > 3987 bytes)
 newloadgame : converted! (15248 > 3342 bytes)
 intro : converted! (30627 > 9815 bytes)

--- Group gfx_main2 (ASM) ---
Using built-in xlibc palette ...
warning: ignoring transparent color value for a fixed palette.Transparent Color Index : 0
Transparent Color : 0xFFFF
1:
 pointer : converted!

Converted in 1 s

[warning] image quality might be too low.
please try grouping similar images, reducing image colors, 
or selecting a better palette if conversion is not ideal.

Finished!
