Opened convpng.ini

--- Group gfx_main1 (ASM) ---
Using built-in xlibc palette...
TranspColorIndex : 0
TranspColor : 0xFFFF
4:
 AoCEI : converted! (compress: 17682 -> 5962 bytes)
 soldier : converted! (compress: 23312 -> 7010 bytes)
 playhelpquit : converted! (compress: 9050 -> 3153 bytes)
 singlemultiplayer : converted! (compress: 17138 -> 4725 bytes)

--- Group gfx_main2 (ASM) ---
Using built-in xlibc palette...
TranspColorIndex : 0
TranspColor : 0xFFFF
1:
 pointer : converted! (pointer.asm)

Converted in 3 s

[warning] image quality might be too low.
please try grouping similar images, reducing image colors, 
or selecting a better palette if conversion is not ideal.

Finished!
